This file has automatically been generated.
Sun Jan 24 23:33:34 2016
Michel Bierlaire, EPFL

biogeme 2.4 [Dim 1 nov 2015 18:05:09 EST]
Michel Bierlaire, EPFL

 Read sample file: ../../../Data/Chapter10/choices.dat
 Nbr of cores used by biogeme: 8
 Init. log-likelihood: -25531.5 [00:00]
     gmax Iter   radius        f(x)     Status       rhok nFree
 +3.92e-04    1 1.00e+00 +2.5531498e+04 ****OutTrReg +9.59e-01 6  ++ P
 +4.68e-04    2 2.00e+00 +2.2301088e+04 ****Converg  +1.08e+00 6  ++ P
 +5.43e-04    3 4.00e+00 +2.1684685e+04 ****OutTrReg +1.03e+00 6  ++ P
 +8.37e-04    4 8.00e+00 +2.1625553e+04 ****Converg  +1.01e+00 6  ++ P
 +5.68e-04    5 1.60e+01 +2.1618012e+04 ****Converg  +9.99e-01 6  ++ P
 +3.11e-04    6 3.20e+01 +2.1614580e+04 ****Converg  +1.00e+00 6  ++ P
 +3.63e-05    7 6.40e+01 +2.1614579e+04 ****Converg  +1.00e+00 6  ++ P
 Convergence reached...
 Run time interval: [23:33:35,23:33:36]
 Run time: 00:01
 Estimated parameters: 
C_price = -7.29885

B_refund = -0.718748

B_comp = 3.52571

V_price = -5.07495

Y_price = -4.40754

Z_price = -8.70638

ASC = 0


 File dcm_mnl_param.py created
 File dcm_mnl.html has been generated
 File dcm_mnl.tex has been generated
